  App.cpp
c:\guildhall\p4v\depot\c26\students\wilsonjc\projects\dfs1\musicalgalaga\code\game\app.cpp(174): warning C4267: 'initializing': conversion from 'size_t' to 'int', possible loss of data
  Generating Code...
  Skipping... (no relevant changes detected)
  Main_Win32.cpp
Engine.lib(Audio.obj) : error LNK2019: unresolved external symbol FMOD_System_Create referenced in function "enum FMOD_RESULT __cdecl FMOD::System_Create(class FMOD::System * *)" (?System_Create@FMOD@@YA?AW4FMOD_RESULT@@PEAPEAVSystem@1@@Z)
Engine.lib(Audio.obj) : error LNK2019: unresolved external symbol "public: enum FMOD_RESULT __cdecl FMOD::System::setOutput(enum FMOD_OUTPUTTYPE)" (?setOutput@System@FMOD@@QEAA?AW4FMOD_RESULT@@W4FMOD_OUTPUTTYPE@@@Z) referenced in function "protected: void __cdecl AudioSystem::InitializeFMOD(void)" (?InitializeFMOD@AudioSystem@@IEAAXXZ)
Engine.lib(Audio.obj) : error LNK2019: unresolved external symbol "public: enum FMOD_RESULT __cdecl FMOD::System::getNumDrivers(int *)" (?getNumDrivers@System@FMOD@@QEAA?AW4FMOD_RESULT@@PEAH@Z) referenced in function "protected: void __cdecl AudioSystem::InitializeFMOD(void)" (?InitializeFMOD@AudioSystem@@IEAAXXZ)
Engine.lib(Audio.obj) : error LNK2019: unresolved external symbol "public: enum FMOD_RESULT __cdecl FMOD::System::getDriverInfo(int,char *,int,struct FMOD_GUID *)" (?getDriverInfo@System@FMOD@@QEAA?AW4FMOD_RESULT@@HPEADHPEAUFMOD_GUID@@@Z) referenced in function "protected: void __cdecl AudioSystem::InitializeFMOD(void)" (?InitializeFMOD@AudioSystem@@IEAAXXZ)
Engine.lib(Audio.obj) : error LNK2019: unresolved external symbol "public: enum FMOD_RESULT __cdecl FMOD::System::getDriverCaps(int,unsigned int *,int *,enum FMOD_SPEAKERMODE *)" (?getDriverCaps@System@FMOD@@QEAA?AW4FMOD_RESULT@@HPEAIPEAHPEAW4FMOD_SPEAKERMODE@@@Z) referenced in function "protected: void __cdecl AudioSystem::InitializeFMOD(void)" (?InitializeFMOD@AudioSystem@@IEAAXXZ)
Engine.lib(Audio.obj) : error LNK2019: unresolved external symbol "public: enum FMOD_RESULT __cdecl FMOD::System::setSoftwareFormat(int,enum FMOD_SOUND_FORMAT,int,int,enum FMOD_DSP_RESAMPLER)" (?setSoftwareFormat@System@FMOD@@QEAA?AW4FMOD_RESULT@@HW4FMOD_SOUND_FORMAT@@HHW4FMOD_DSP_RESAMPLER@@@Z) referenced in function "protected: void __cdecl AudioSystem::InitializeFMOD(void)" (?InitializeFMOD@AudioSystem@@IEAAXXZ)
Engine.lib(Audio.obj) : error LNK2019: unresolved external symbol "public: enum FMOD_RESULT __cdecl FMOD::System::setDSPBufferSize(unsigned int,int)" (?setDSPBufferSize@System@FMOD@@QEAA?AW4FMOD_RESULT@@IH@Z) referenced in function "protected: void __cdecl AudioSystem::InitializeFMOD(void)" (?InitializeFMOD@AudioSystem@@IEAAXXZ)
Engine.lib(Audio.obj) : error LNK2019: unresolved external symbol "public: enum FMOD_RESULT __cdecl FMOD::System::setSpeakerMode(enum FMOD_SPEAKERMODE)" (?setSpeakerMode@System@FMOD@@QEAA?AW4FMOD_RESULT@@W4FMOD_SPEAKERMODE@@@Z) referenced in function "protected: void __cdecl AudioSystem::InitializeFMOD(void)" (?InitializeFMOD@AudioSystem@@IEAAXXZ)
Engine.lib(Audio.obj) : error LNK2019: unresolved external symbol "public: enum FMOD_RESULT __cdecl FMOD::System::init(int,unsigned int,void *)" (?init@System@FMOD@@QEAA?AW4FMOD_RESULT@@HIPEAX@Z) referenced in function "protected: void __cdecl AudioSystem::InitializeFMOD(void)" (?InitializeFMOD@AudioSystem@@IEAAXXZ)
Engine.lib(Audio.obj) : error LNK2019: unresolved external symbol "public: enum FMOD_RESULT __cdecl FMOD::System::update(void)" (?update@System@FMOD@@QEAA?AW4FMOD_RESULT@@XZ) referenced in function "public: void __cdecl AudioSystem::Update(void)" (?Update@AudioSystem@@QEAAXXZ)
Engine.lib(Audio.obj) : error LNK2019: unresolved external symbol "public: enum FMOD_RESULT __cdecl FMOD::System::getVersion(unsigned int *)" (?getVersion@System@FMOD@@QEAA?AW4FMOD_RESULT@@PEAI@Z) referenced in function "protected: void __cdecl AudioSystem::InitializeFMOD(void)" (?InitializeFMOD@AudioSystem@@IEAAXXZ)
Engine.lib(Audio.obj) : error LNK2019: unresolved external symbol "public: enum FMOD_RESULT __cdecl FMOD::System::createSound(char const *,unsigned int,struct FMOD_CREATESOUNDEXINFO *,class FMOD::Sound * *)" (?createSound@System@FMOD@@QEAA?AW4FMOD_RESULT@@PEBDIPEAUFMOD_CREATESOUNDEXINFO@@PEAPEAVSound@2@@Z) referenced in function "public: unsigned int __cdecl AudioSystem::CreateOrGetSound(class std::basic_string<char,struct std::char_traits<char>,class std::allocator<char> > const &)" (?CreateOrGetSound@AudioSystem@@QEAAIAEBV?$basic_string@DU?$char_traits@D@std@@V?$allocator@D@2@@std@@@Z)
Engine.lib(Audio.obj) : error LNK2019: unresolved external symbol "public: enum FMOD_RESULT __cdecl FMOD::System::playSound(enum FMOD_CHANNELINDEX,class FMOD::Sound *,bool,class FMOD::Channel * *)" (?playSound@System@FMOD@@QEAA?AW4FMOD_RESULT@@W4FMOD_CHANNELINDEX@@PEAVSound@2@_NPEAPEAVChannel@2@@Z) referenced in function "public: void * __cdecl AudioSystem::PlaySound(unsigned int,float)" (?PlaySound@AudioSystem@@QEAAPEAXIM@Z)
Engine.lib(Audio.obj) : error LNK2019: unresolved external symbol "public: enum FMOD_RESULT __cdecl FMOD::Channel::stop(void)" (?stop@Channel@FMOD@@QEAA?AW4FMOD_RESULT@@XZ) referenced in function "public: void __cdecl AudioSystem::StopChannel(void *)" (?StopChannel@AudioSystem@@QEAAXPEAX@Z)
Engine.lib(Audio.obj) : error LNK2019: unresolved external symbol "public: enum FMOD_RESULT __cdecl FMOD::Channel::setVolume(float)" (?setVolume@Channel@FMOD@@QEAA?AW4FMOD_RESULT@@M@Z) referenced in function "public: void * __cdecl AudioSystem::PlaySound(unsigned int,float)" (?PlaySound@AudioSystem@@QEAAPEAXIM@Z)
Engine.lib(Audio.obj) : error LNK2019: unresolved external symbol "public: enum FMOD_RESULT __cdecl FMOD::Channel::getSpectrum(float *,int,int,enum FMOD_DSP_FFT_WINDOW)" (?getSpectrum@Channel@FMOD@@QEAA?AW4FMOD_RESULT@@PEAMHHW4FMOD_DSP_FFT_WINDOW@@@Z) referenced in function "public: void __cdecl AudioSystem::FrequencyAnalysis(void * *,float)" (?FrequencyAnalysis@AudioSystem@@QEAAXPEAPEAXM@Z)
C:\Guildhall\p4v\depot\C26\Students\wilsonjc\Projects\DFS1\MusicalGalaga\../../Engine/Code/\ThirdParty/fmod/fmodex_vc.lib : warning LNK4272: library machine type 'X86' conflicts with target machine type 'x64'
C:\Guildhall\p4v\depot\C26\Students\wilsonjc\Projects\DFS1\MusicalGalaga\x64\Debug\Protogame.exe : fatal error LNK1120: 16 unresolved externals
