c:\guildhall\p4v\depot\c26\students\wilsonjc\projects\dfs1\musicalgalaga\temporary\engine_win32_debug\engine.pdb
c:\guildhall\p4v\depot\c26\students\wilsonjc\projects\dfs1\musicalgalaga\temporary\engine_win32_debug\engine.idb
c:\guildhall\p4v\depot\c26\students\wilsonjc\projects\dfs1\musicalgalaga\temporary\engine_win32_debug\stb_image.obj
c:\guildhall\p4v\depot\c26\students\wilsonjc\projects\dfs1\musicalgalaga\temporary\engine_win32_debug\xmlparserusertools.obj
c:\guildhall\p4v\depot\c26\students\wilsonjc\projects\dfs1\musicalgalaga\temporary\engine_win32_debug\noise.obj
c:\guildhall\p4v\depot\c26\students\wilsonjc\projects\dfs1\musicalgalaga\temporary\engine_win32_debug\time.obj
c:\guildhall\p4v\depot\c26\students\wilsonjc\projects\dfs1\musicalgalaga\temporary\engine_win32_debug\dx11.obj
c:\guildhall\p4v\depot\c26\students\wilsonjc\projects\dfs1\musicalgalaga\temporary\engine_win32_debug\fileutils.obj
c:\guildhall\p4v\depot\c26\students\wilsonjc\projects\dfs1\musicalgalaga\temporary\engine_win32_debug\intvector2.obj
c:\guildhall\p4v\depot\c26\students\wilsonjc\projects\dfs1\musicalgalaga\temporary\engine_win32_debug\linesegment2d.obj
c:\guildhall\p4v\depot\c26\students\wilsonjc\projects\dfs1\musicalgalaga\temporary\engine_win32_debug\mathutils.obj
c:\guildhall\p4v\depot\c26\students\wilsonjc\projects\dfs1\musicalgalaga\temporary\engine_win32_debug\vector4.obj
c:\guildhall\p4v\depot\c26\students\wilsonjc\projects\dfs1\musicalgalaga\temporary\engine_win32_debug\depthstencilstate.obj
c:\guildhall\p4v\depot\c26\students\wilsonjc\projects\dfs1\musicalgalaga\temporary\engine_win32_debug\sampler.obj
c:\guildhall\p4v\depot\c26\students\wilsonjc\projects\dfs1\musicalgalaga\temporary\engine_win32_debug\skeleton.obj
c:\guildhall\p4v\depot\c26\students\wilsonjc\projects\dfs1\musicalgalaga\temporary\engine_win32_debug\xmlparser.obj
c:\guildhall\p4v\depot\c26\students\wilsonjc\projects\dfs1\musicalgalaga\temporary\engine_win32_debug\filebinarystream.obj
c:\guildhall\p4v\depot\c26\students\wilsonjc\projects\dfs1\musicalgalaga\temporary\engine_win32_debug\image.obj
c:\guildhall\p4v\depot\c26\students\wilsonjc\projects\dfs1\musicalgalaga\temporary\engine_win32_debug\thread.obj
c:\guildhall\p4v\depot\c26\students\wilsonjc\projects\dfs1\musicalgalaga\temporary\engine_win32_debug\dx11blendstate.obj
c:\guildhall\p4v\depot\c26\students\wilsonjc\projects\dfs1\musicalgalaga\temporary\engine_win32_debug\cylinder3d.obj
c:\guildhall\p4v\depot\c26\students\wilsonjc\projects\dfs1\musicalgalaga\temporary\engine_win32_debug\plane3d.obj
c:\guildhall\p4v\depot\c26\students\wilsonjc\projects\dfs1\musicalgalaga\temporary\engine_win32_debug\bitmapfont.obj
c:\guildhall\p4v\depot\c26\students\wilsonjc\projects\dfs1\musicalgalaga\temporary\engine_win32_debug\rasterstate.obj
c:\guildhall\p4v\depot\c26\students\wilsonjc\projects\dfs1\musicalgalaga\temporary\engine_win32_debug\simplerenderer.obj
c:\guildhall\p4v\depot\c26\students\wilsonjc\projects\dfs1\musicalgalaga\temporary\engine_win32_debug\callstack.obj
c:\guildhall\p4v\depot\c26\students\wilsonjc\projects\dfs1\musicalgalaga\temporary\engine_win32_debug\profiler.obj
c:\guildhall\p4v\depot\c26\students\wilsonjc\projects\dfs1\musicalgalaga\temporary\engine_win32_debug\aabb3.obj
c:\guildhall\p4v\depot\c26\students\wilsonjc\projects\dfs1\musicalgalaga\temporary\engine_win32_debug\convexhull3d.obj
c:\guildhall\p4v\depot\c26\students\wilsonjc\projects\dfs1\musicalgalaga\temporary\engine_win32_debug\sphere3d.obj
c:\guildhall\p4v\depot\c26\students\wilsonjc\projects\dfs1\musicalgalaga\temporary\engine_win32_debug\renderer.obj
c:\guildhall\p4v\depot\c26\students\wilsonjc\projects\dfs1\musicalgalaga\temporary\engine_win32_debug\rhioutput.obj
c:\guildhall\p4v\depot\c26\students\wilsonjc\projects\dfs1\musicalgalaga\temporary\engine_win32_debug\meshbuilder.obj
c:\guildhall\p4v\depot\c26\students\wilsonjc\projects\dfs1\musicalgalaga\temporary\engine_win32_debug\engineconfig.obj
c:\guildhall\p4v\depot\c26\students\wilsonjc\projects\dfs1\musicalgalaga\temporary\engine_win32_debug\memorymanager.obj
c:\guildhall\p4v\depot\c26\students\wilsonjc\projects\dfs1\musicalgalaga\temporary\engine_win32_debug\inputsystem.obj
c:\guildhall\p4v\depot\c26\students\wilsonjc\projects\dfs1\musicalgalaga\temporary\engine_win32_debug\aabb2.obj
c:\guildhall\p4v\depot\c26\students\wilsonjc\projects\dfs1\musicalgalaga\temporary\engine_win32_debug\capsule3d.obj
c:\guildhall\p4v\depot\c26\students\wilsonjc\projects\dfs1\musicalgalaga\temporary\engine_win32_debug\disc2d.obj
c:\guildhall\p4v\depot\c26\students\wilsonjc\projects\dfs1\musicalgalaga\temporary\engine_win32_debug\intvector3.obj
c:\guildhall\p4v\depot\c26\students\wilsonjc\projects\dfs1\musicalgalaga\temporary\engine_win32_debug\linesegment3d.obj
c:\guildhall\p4v\depot\c26\students\wilsonjc\projects\dfs1\musicalgalaga\temporary\engine_win32_debug\matrix4.obj
c:\guildhall\p4v\depot\c26\students\wilsonjc\projects\dfs1\musicalgalaga\temporary\engine_win32_debug\spriteanimation.obj
c:\guildhall\p4v\depot\c26\students\wilsonjc\projects\dfs1\musicalgalaga\temporary\engine_win32_debug\rhi.obj
c:\guildhall\p4v\depot\c26\students\wilsonjc\projects\dfs1\musicalgalaga\temporary\engine_win32_debug\structuredbuffer.obj
c:\guildhall\p4v\depot\c26\students\wilsonjc\projects\dfs1\musicalgalaga\temporary\engine_win32_debug\console.obj
c:\guildhall\p4v\depot\c26\students\wilsonjc\projects\dfs1\musicalgalaga\temporary\engine_win32_debug\dx11texture2d.obj
c:\guildhall\p4v\depot\c26\students\wilsonjc\projects\dfs1\musicalgalaga\temporary\engine_win32_debug\uvector4.obj
c:\guildhall\p4v\depot\c26\students\wilsonjc\projects\dfs1\musicalgalaga\temporary\engine_win32_debug\vector3.obj
c:\guildhall\p4v\depot\c26\students\wilsonjc\projects\dfs1\musicalgalaga\temporary\engine_win32_debug\spritesheet.obj
c:\guildhall\p4v\depot\c26\students\wilsonjc\projects\dfs1\musicalgalaga\temporary\engine_win32_debug\rhidevicecontext.obj
c:\guildhall\p4v\depot\c26\students\wilsonjc\projects\dfs1\musicalgalaga\temporary\engine_win32_debug\fbxlist.obj
c:\guildhall\p4v\depot\c26\students\wilsonjc\projects\dfs1\musicalgalaga\temporary\engine_win32_debug\matrixstack.obj
c:\guildhall\p4v\depot\c26\students\wilsonjc\projects\dfs1\musicalgalaga\temporary\engine_win32_debug\motion.obj
c:\guildhall\p4v\depot\c26\students\wilsonjc\projects\dfs1\musicalgalaga\temporary\engine_win32_debug\errorwarningassert.obj
c:\guildhall\p4v\depot\c26\students\wilsonjc\projects\dfs1\musicalgalaga\temporary\engine_win32_debug\rgba.obj
c:\guildhall\p4v\depot\c26\students\wilsonjc\projects\dfs1\musicalgalaga\temporary\engine_win32_debug\stringutils.obj
c:\guildhall\p4v\depot\c26\students\wilsonjc\projects\dfs1\musicalgalaga\temporary\engine_win32_debug\dx11textrenderer.obj
c:\guildhall\p4v\depot\c26\students\wilsonjc\projects\dfs1\musicalgalaga\temporary\engine_win32_debug\vector2.obj
c:\guildhall\p4v\depot\c26\students\wilsonjc\projects\dfs1\musicalgalaga\temporary\engine_win32_debug\texture.obj
c:\guildhall\p4v\depot\c26\students\wilsonjc\projects\dfs1\musicalgalaga\temporary\engine_win32_debug\rhiinstance.obj
c:\guildhall\p4v\depot\c26\students\wilsonjc\projects\dfs1\musicalgalaga\temporary\engine_win32_debug\fbxmeshloading.obj
c:\guildhall\p4v\depot\c26\students\wilsonjc\projects\dfs1\musicalgalaga\temporary\engine_win32_debug\mesh.obj
c:\guildhall\p4v\depot\c26\students\wilsonjc\projects\dfs1\musicalgalaga\temporary\engine_win32_debug\pose.obj
c:\guildhall\p4v\depot\c26\students\wilsonjc\projects\dfs1\musicalgalaga\temporary\engine_win32_debug\audio.obj
c:\guildhall\p4v\depot\c26\students\wilsonjc\projects\dfs1\musicalgalaga\temporary\engine_win32_debug\windows.obj
c:\guildhall\p4v\depot\c26\students\wilsonjc\projects\dfs1\musicalgalaga\temporary\engine_win32_debug\keystate.obj
c:\guildhall\p4v\depot\c26\students\wilsonjc\projects\dfs1\musicalgalaga\temporary\engine_win32_debug\xboxcontrol.obj
c:\guildhall\p4v\depot\c26\students\wilsonjc\projects\dfs1\musicalgalaga\temporary\engine_win32_debug\constantbuffer.obj
c:\guildhall\p4v\depot\c26\students\wilsonjc\projects\dfs1\musicalgalaga\temporary\engine_win32_debug\shaderprogram.obj
c:\guildhall\p4v\depot\c26\students\wilsonjc\projects\dfs1\musicalgalaga\temporary\engine_win32_debug\skeletoninstance.obj
c:\guildhall\p4v\depot\c26\students\wilsonjc\projects\dfs1\musicalgalaga\temporary\engine_win32_debug\camera.obj
c:\guildhall\p4v\depot\c26\students\wilsonjc\projects\dfs1\musicalgalaga\temporary\engine_win32_debug\event.obj
c:\guildhall\p4v\depot\c26\students\wilsonjc\projects\dfs1\musicalgalaga\temporary\engine_win32_debug\logger.obj
c:\guildhall\p4v\depot\c26\students\wilsonjc\projects\dfs1\musicalgalaga\temporary\engine_win32_debug\objreader.obj
c:\guildhall\p4v\depot\c26\students\wilsonjc\projects\dfs1\musicalgalaga\temporary\engine_win32_debug\rhidevice.obj
c:\guildhall\p4v\depot\c26\students\wilsonjc\projects\dfs1\musicalgalaga\temporary\engine_win32_debug\vertexbuffer.obj
c:\guildhall\p4v\depot\c26\students\wilsonjc\projects\dfs1\musicalgalaga\temporary\engine_win32_debug\engine.lib
c:\guildhall\p4v\depot\c26\students\wilsonjc\projects\dfs1\musicalgalaga\temporary\engine_win32_debug\engine.tlog\cl.command.1.tlog
c:\guildhall\p4v\depot\c26\students\wilsonjc\projects\dfs1\musicalgalaga\temporary\engine_win32_debug\engine.tlog\cl.read.1.tlog
c:\guildhall\p4v\depot\c26\students\wilsonjc\projects\dfs1\musicalgalaga\temporary\engine_win32_debug\engine.tlog\cl.write.1.tlog
c:\guildhall\p4v\depot\c26\students\wilsonjc\projects\dfs1\musicalgalaga\temporary\engine_win32_debug\engine.tlog\lib-link.read.1.tlog
c:\guildhall\p4v\depot\c26\students\wilsonjc\projects\dfs1\musicalgalaga\temporary\engine_win32_debug\engine.tlog\lib-link.write.1.tlog
c:\guildhall\p4v\depot\c26\students\wilsonjc\projects\dfs1\musicalgalaga\temporary\engine_win32_debug\engine.tlog\lib.command.1.tlog
