c:\guildhall\p4v\depot\c26\students\wilsonjc\projects\dfs1\musicalgalaga\temporary\protogame_win32_debug\explosion.obj
c:\guildhall\p4v\depot\c26\students\wilsonjc\projects\dfs1\musicalgalaga\temporary\protogame_win32_debug\game.obj
c:\guildhall\p4v\depot\c26\students\wilsonjc\projects\dfs1\musicalgalaga\temporary\protogame_win32_debug\gamecommon.obj
c:\guildhall\p4v\depot\c26\students\wilsonjc\projects\dfs1\musicalgalaga\temporary\protogame_win32_debug\enemy.obj
c:\guildhall\p4v\depot\c26\students\wilsonjc\projects\dfs1\musicalgalaga\temporary\protogame_win32_debug\wavecontroller.obj
c:\guildhall\p4v\depot\c26\students\wilsonjc\projects\dfs1\musicalgalaga\temporary\protogame_win32_debug\gameconfig.obj
c:\guildhall\p4v\depot\c26\students\wilsonjc\projects\dfs1\musicalgalaga\temporary\protogame_win32_debug\main_win32.obj
c:\guildhall\p4v\depot\c26\students\wilsonjc\projects\dfs1\musicalgalaga\temporary\protogame_win32_debug\bullet.obj
c:\guildhall\p4v\depot\c26\students\wilsonjc\projects\dfs1\musicalgalaga\temporary\protogame_win32_debug\entity.obj
c:\guildhall\p4v\depot\c26\students\wilsonjc\projects\dfs1\musicalgalaga\temporary\protogame_win32_debug\player.obj
c:\guildhall\p4v\depot\c26\students\wilsonjc\projects\dfs1\musicalgalaga\temporary\protogame_win32_debug\app.obj
c:\guildhall\p4v\depot\c26\students\wilsonjc\projects\dfs1\musicalgalaga\temporary\protogame_win32_debug\vc140.pdb
c:\guildhall\p4v\depot\c26\students\wilsonjc\projects\dfs1\musicalgalaga\temporary\protogame_win32_debug\vc140.idb
c:\guildhall\p4v\depot\c26\students\wilsonjc\projects\dfs1\musicalgalaga\temporary\protogame_win32_debug\protogame.ilk
c:\guildhall\p4v\depot\c26\students\wilsonjc\projects\dfs1\musicalgalaga\temporary\protogame_win32_debug\protogame.exe
c:\guildhall\p4v\depot\c26\students\wilsonjc\projects\dfs1\musicalgalaga\temporary\protogame_win32_debug\protogame.pdb
c:\guildhall\p4v\depot\c26\students\wilsonjc\projects\dfs1\musicalgalaga\temporary\protogame_win32_debug\game.vcxprojresolveassemblyreference.cache
c:\guildhall\p4v\depot\c26\students\wilsonjc\projects\dfs1\musicalgalaga\temporary\protogame_win32_debug\game.obj.enc
c:\guildhall\p4v\depot\c26\students\wilsonjc\projects\dfs1\musicalgalaga\temporary\protogame_win32_debug\protogame.tlog\cl.command.1.tlog
c:\guildhall\p4v\depot\c26\students\wilsonjc\projects\dfs1\musicalgalaga\temporary\protogame_win32_debug\protogame.tlog\cl.read.1.tlog
c:\guildhall\p4v\depot\c26\students\wilsonjc\projects\dfs1\musicalgalaga\temporary\protogame_win32_debug\protogame.tlog\cl.write.1.tlog
c:\guildhall\p4v\depot\c26\students\wilsonjc\projects\dfs1\musicalgalaga\temporary\protogame_win32_debug\protogame.tlog\link.command.1.tlog
c:\guildhall\p4v\depot\c26\students\wilsonjc\projects\dfs1\musicalgalaga\temporary\protogame_win32_debug\protogame.tlog\link.read.1.tlog
c:\guildhall\p4v\depot\c26\students\wilsonjc\projects\dfs1\musicalgalaga\temporary\protogame_win32_debug\protogame.tlog\link.write.1.tlog
